c:\users\bertec\documents\vısual studıo 2013\projects\trılateralmap\trılateralmap\debug\vc120.pdb
c:\users\bertec\documents\vısual studıo 2013\projects\trılateralmap\trılateralmap\debug\vc120.ıdb
c:\users\bertec\documents\vısual studıo 2013\projects\trılateralmap\trılateralmap\debug\dıjkstra.obj
c:\users\bertec\documents\vısual studıo 2013\projects\trılateralmap\trılateralmap\debug\exactgeodesıc.obj
c:\users\bertec\documents\vısual studıo 2013\projects\trılateralmap\trılateralmap\debug\maın.obj
c:\users\bertec\documents\vısual studıo 2013\projects\trılateralmap\trılateralmap\debug\mesh.obj
c:\users\bertec\documents\vısual studıo 2013\projects\trılateralmap\trılateralmap\debug\paınter.obj
c:\users\bertec\documents\vısual studıo 2013\projects\trılateralmap\trılateralmap\debug\trılateral.obj
c:\users\bertec\documents\vısual studıo 2013\projects\trılateralmap\debug\trılateralmap.ılk
c:\users\bertec\documents\vısual studıo 2013\projects\trılateralmap\debug\trılateralmap.exe
c:\users\bertec\documents\vısual studıo 2013\projects\trılateralmap\debug\trılateralmap.pdb
c:\users\bertec\documents\visual studio 2013\projects\trilateralmap\trilateralmap\debug\dijkstra.obj
c:\users\bertec\documents\visual studio 2013\projects\trilateralmap\trilateralmap\debug\exactgeodesic.obj
c:\users\bertec\documents\visual studio 2013\projects\trilateralmap\trilateralmap\debug\main.obj
c:\users\bertec\documents\visual studio 2013\projects\trilateralmap\trilateralmap\debug\mesh.obj
c:\users\bertec\documents\visual studio 2013\projects\trilateralmap\trilateralmap\debug\painter.obj
c:\users\bertec\documents\visual studio 2013\projects\trilateralmap\trilateralmap\debug\vc120.idb
c:\users\bertec\documents\visual studio 2013\projects\trilateralmap\trilateralmap\debug\vc120.pdb
c:\users\bertec\documents\visual studio 2013\projects\trilateralmap\debug\trilateralmap.pdb
c:\users\bertec\documents\visual studio 2013\projects\trilateralmap\debug\trilateralmap.exe
c:\users\bertec\documents\visual studio 2013\projects\trilateralmap\debug\trilateralmap.ilk
c:\users\bertec\documents\visual studio 2013\projects\trilateralmap\trilateralmap\debug\trilateralmap.tlog\cl.command.1.tlog
c:\users\bertec\documents\visual studio 2013\projects\trilateralmap\trilateralmap\debug\trilateralmap.tlog\cl.read.1.tlog
c:\users\bertec\documents\visual studio 2013\projects\trilateralmap\trilateralmap\debug\trilateralmap.tlog\cl.write.1.tlog
c:\users\bertec\documents\visual studio 2013\projects\trilateralmap\trilateralmap\debug\trilateralmap.tlog\link.command.1.tlog
c:\users\bertec\documents\visual studio 2013\projects\trilateralmap\trilateralmap\debug\trilateralmap.tlog\link.read.1.tlog
c:\users\bertec\documents\visual studio 2013\projects\trilateralmap\trilateralmap\debug\trilateralmap.tlog\link.write.1.tlog
