c:\users\bertec\documents\vısual studıo 2013\projects\trılateralmap\trılateralmap\release\vc120.pdb
c:\users\bertec\documents\vısual studıo 2013\projects\trılateralmap\trılateralmap\release\trılateral.obj
c:\users\bertec\documents\vısual studıo 2013\projects\trılateralmap\trılateralmap\release\paınter.obj
c:\users\bertec\documents\vısual studıo 2013\projects\trılateralmap\trılateralmap\release\mesh.obj
c:\users\bertec\documents\vısual studıo 2013\projects\trılateralmap\trılateralmap\release\maın.obj
c:\users\bertec\documents\vısual studıo 2013\projects\trılateralmap\trılateralmap\release\exactgeodesıc.obj
c:\users\bertec\documents\vısual studıo 2013\projects\trılateralmap\trılateralmap\release\dıjkstra.obj
c:\users\bertec\documents\vısual studıo 2013\projects\trılateralmap\release\trılateralmap.exe
c:\users\bertec\documents\vısual studıo 2013\projects\trılateralmap\release\trılateralmap.pdb
c:\users\bertec\documents\visual studio 2013\projects\trilateralmap\trilateralmap\release\dijkstra.obj
c:\users\bertec\documents\visual studio 2013\projects\trilateralmap\trilateralmap\release\exactgeodesic.obj
c:\users\bertec\documents\visual studio 2013\projects\trilateralmap\trilateralmap\release\main.obj
c:\users\bertec\documents\visual studio 2013\projects\trilateralmap\trilateralmap\release\mesh.obj
c:\users\bertec\documents\visual studio 2013\projects\trilateralmap\trilateralmap\release\painter.obj
c:\users\bertec\documents\visual studio 2013\projects\trilateralmap\trilateralmap\release\trilateral.obj
c:\users\bertec\documents\visual studio 2013\projects\trilateralmap\trilateralmap\release\vc120.pdb
c:\users\bertec\documents\visual studio 2013\projects\trilateralmap\release\trilateralmap.pdb
c:\users\bertec\documents\visual studio 2013\projects\trilateralmap\release\trilateralmap.exe
c:\users\bertec\documents\visual studio 2013\projects\trilateralmap\trilateralmap\release\trilateralmap.tlog\cl.command.1.tlog
c:\users\bertec\documents\visual studio 2013\projects\trilateralmap\trilateralmap\release\trilateralmap.tlog\cl.read.1.tlog
c:\users\bertec\documents\visual studio 2013\projects\trilateralmap\trilateralmap\release\trilateralmap.tlog\cl.write.1.tlog
c:\users\bertec\documents\visual studio 2013\projects\trilateralmap\trilateralmap\release\trilateralmap.tlog\link.command.1.tlog
c:\users\bertec\documents\visual studio 2013\projects\trilateralmap\trilateralmap\release\trilateralmap.tlog\link.read.1.tlog
c:\users\bertec\documents\visual studio 2013\projects\trilateralmap\trilateralmap\release\trilateralmap.tlog\link.write.1.tlog
